15:37:54 | INFO | SSH connection established to 192.168.0.110
15:37:54 | INFO | Connected (version 2.0, client OpenSSH_8.7)
15:37:54 | INFO | Authentication (password) successful!
15:37:54 | INFO | Executing command: uptime
15:37:55 | INFO |  15:38:15 up 3 min,  2 users,  load average: 0.39, 0.25, 0.10

15:37:55 | INFO | testing
15:37:55 | INFO | SSH disconnected successfully
15:37:55 | INFO | SSH connection established to 192.168.0.110
15:37:55 | INFO | Connected (version 2.0, client OpenSSH_8.7)
15:37:55 | INFO | Authentication (password) successful!
15:37:55 | INFO | Executing command: lsblk
15:37:55 | INFO | NAME          MAJ:MIN RM  SIZE RO TYPE MOUNTPOINTS
sda             8:0    0 32.3G  0 disk 
├─sda1          8:1    0  600M  0 part /boot/efi
├─sda2          8:2    0    1G  0 part /boot
└─sda3          8:3    0 30.7G  0 part 
  ├─rhel-root 253:0    0 27.5G  0 lvm  /
  └─rhel-swap 253:1    0  3.2G  0 lvm  [SWAP]
sr0            11:0    1 1024M  0 rom  

15:37:55 | INFO | testing
15:37:55 | INFO | SSH disconnected successfully
37:55,548 - Storage_Framework - INFO - SSH disconnected successfully
